[NX v20.8.4 Daemon Server] - 2026-05-31T06:36:55.355Z - Started listening on: /private/var/folders/3q/nhb25ly53yb4t7q8t1m8fwfc0000gn/T/fc3b44d3799482a694e5/d.sock
[NX v20.8.4 Daemon Server] - 2026-05-31T06:36:55.357Z - [WATCHER]: Subscribed to changes within: /Users/bao312/Desktop/Test/frontend (native)
[NX v20.8.4 Daemon Server] - 2026-05-31T06:36:55.365Z - Established a connection. Number of open connections: 1
[NX v20.8.4 Daemon Server] - 2026-05-31T06:36:55.366Z - Established a connection. Number of open connections: 2
[NX v20.8.4 Daemon Server] - 2026-05-31T06:36:55.367Z - Closed a connection. Number of open connections: 1
[NX v20.8.4 Daemon Server] - 2026-05-31T06:36:55.367Z - [REQUEST]: Client Request for Project Graph Received
[NX v20.8.4 Daemon Server] - 2026-05-31T06:36:55.542Z - Time taken for 'Load Nx Plugin: /Users/bao312/Desktop/Test/frontend/node_modules/nx/src/plugins/project-json/build-nodes/project-json' 172.943417ms
[NX v20.8.4 Daemon Server] - 2026-05-31T06:36:55.551Z - Time taken for 'Load Nx Plugin: /Users/bao312/Desktop/Test/frontend/node_modules/nx/src/plugins/js' 181.98591699999997ms
[NX v20.8.4 Daemon Server] - 2026-05-31T06:36:55.556Z - Time taken for 'loadDefaultNxPlugins' 186.929375ms
[NX v20.8.4 Daemon Server] - 2026-05-31T06:36:55.603Z - Time taken for 'Load Nx Plugin: @nx/eslint/plugin' 234.66037500000004ms
[NX v20.8.4 Daemon Server] - 2026-05-31T06:36:55.621Z - Time taken for 'Load Nx Plugin: @nx/react/router-plugin' 252.71949999999998ms
[NX v20.8.4 Daemon Server] - 2026-05-31T06:36:55.633Z - [REQUEST]: Updated workspace context based on watched changes, recomputing project graph...
[NX v20.8.4 Daemon Server] - 2026-05-31T06:36:55.634Z - [REQUEST]: 
[NX v20.8.4 Daemon Server] - 2026-05-31T06:36:55.634Z - [REQUEST]: 
[NX v20.8.4 Daemon Server] - 2026-05-31T06:36:55.640Z - Time taken for 'loadSpecifiedNxPlugins' 265.685666ms
[NX v20.8.4 Daemon Server] - 2026-05-31T06:36:55.640Z - Established a connection. Number of open connections: 2
[NX v20.8.4 Daemon Server] - 2026-05-31T06:36:55.641Z - Established a connection. Number of open connections: 3
[NX v20.8.4 Daemon Server] - 2026-05-31T06:36:55.641Z - Closed a connection. Number of open connections: 2
[NX v20.8.4 Daemon Server] - 2026-05-31T06:36:55.641Z - Established a connection. Number of open connections: 3
[NX v20.8.4 Daemon Server] - 2026-05-31T06:36:55.641Z - Closed a connection. Number of open connections: 2
[NX v20.8.4 Daemon Server] - 2026-05-31T06:36:55.641Z - Established a connection. Number of open connections: 3
[NX v20.8.4 Daemon Server] - 2026-05-31T06:36:55.642Z - [REQUEST]: Responding to the client. handleHashGlob
[NX v20.8.4 Daemon Server] - 2026-05-31T06:36:55.642Z - Done responding to the client handleHashGlob
[NX v20.8.4 Daemon Server] - 2026-05-31T06:36:55.642Z - Handled HASH_GLOB. Handling time: 0. Response time: 1.
[NX v20.8.4 Daemon Server] - 2026-05-31T06:36:55.642Z - Established a connection. Number of open connections: 4
[NX v20.8.4 Daemon Server] - 2026-05-31T06:36:55.642Z - [REQUEST]: Responding to the client. handleHashMultiGlob
[NX v20.8.4 Daemon Server] - 2026-05-31T06:36:55.642Z - Done responding to the client handleHashMultiGlob
[NX v20.8.4 Daemon Server] - 2026-05-31T06:36:55.642Z - Handled HASH_GLOB. Handling time: 0. Response time: 0.
[NX v20.8.4 Daemon Server] - 2026-05-31T06:36:55.642Z - Established a connection. Number of open connections: 5
[NX v20.8.4 Daemon Server] - 2026-05-31T06:36:55.642Z - Closed a connection. Number of open connections: 4
[NX v20.8.4 Daemon Server] - 2026-05-31T06:36:55.643Z - [REQUEST]: Responding to the client. handleGlob
[NX v20.8.4 Daemon Server] - 2026-05-31T06:36:55.643Z - Done responding to the client handleGlob
[NX v20.8.4 Daemon Server] - 2026-05-31T06:36:55.643Z - Handled GLOB. Handling time: 1. Response time: 0.
[NX v20.8.4 Daemon Server] - 2026-05-31T06:36:55.647Z - [REQUEST]: Responding to the client. handleHashMultiGlob
[NX v20.8.4 Daemon Server] - 2026-05-31T06:36:55.647Z - Done responding to the client handleHashMultiGlob
[NX v20.8.4 Daemon Server] - 2026-05-31T06:36:55.647Z - Handled HASH_GLOB. Handling time: 3. Response time: 0.
[NX v20.8.4 Daemon Server] - 2026-05-31T06:36:56.615Z - Time taken for 'build-project-configs' 966.819667ms
[NX v20.8.4 Daemon Server] - 2026-05-31T06:36:56.660Z - [SYNC]: collect registered sync generators
[NX v20.8.4 Daemon Server] - 2026-05-31T06:36:56.661Z - [REQUEST]: Responding to the client. project-graph
[NX v20.8.4 Daemon Server] - 2026-05-31T06:36:56.661Z - Time taken for 'total for creating and serializing project graph' 1293.540375ms
[NX v20.8.4 Daemon Server] - 2026-05-31T06:36:56.663Z - Done responding to the client project-graph
[NX v20.8.4 Daemon Server] - 2026-05-31T06:36:56.663Z - Handled REQUEST_PROJECT_GRAPH. Handling time: 1294. Response time: 2.
[NX v20.8.4 Daemon Server] - 2026-05-31T06:36:56.667Z - [REQUEST]: Responding to the client. handleRunPreTasksExecution
[NX v20.8.4 Daemon Server] - 2026-05-31T06:36:56.667Z - Done responding to the client handleRunPreTasksExecution
[NX v20.8.4 Daemon Server] - 2026-05-31T06:36:56.667Z - Handled PRE_TASKS_EXECUTION. Handling time: 1. Response time: 0.
[NX v20.8.4 Daemon Server] - 2026-05-31T06:36:56.667Z - Time taken for 'preTasksExecution' 0.21600000000012187ms
[NX v20.8.4 Daemon Server] - 2026-05-31T06:36:56.705Z - [REQUEST]: Responding to the client. handleHashTasks
[NX v20.8.4 Daemon Server] - 2026-05-31T06:36:56.705Z - Done responding to the client handleHashTasks
[NX v20.8.4 Daemon Server] - 2026-05-31T06:36:56.705Z - Handled HASH_TASKS. Handling time: 10. Response time: 0.
[NX v20.8.4 Daemon Server] - 2026-05-31T06:36:56.756Z - [REQUEST]: Responding to the client. handleGetEstimatedTaskTimings
[NX v20.8.4 Daemon Server] - 2026-05-31T06:36:56.756Z - Done responding to the client handleGetEstimatedTaskTimings
[NX v20.8.4 Daemon Server] - 2026-05-31T06:36:56.756Z - Handled GET_ESTIMATED_TASK_TIMINGS. Handling time: 14. Response time: 0.
[NX v20.8.4 Daemon Server] - 2026-05-31T06:36:57.385Z - Established a connection. Number of open connections: 5
[NX v20.8.4 Daemon Server] - 2026-05-31T06:36:57.386Z - Closed a connection. Number of open connections: 4
[NX v20.8.4 Daemon Server] - 2026-05-31T06:36:57.386Z - Established a connection. Number of open connections: 5
[NX v20.8.4 Daemon Server] - 2026-05-31T06:36:57.387Z - [REQUEST]: Client Request for Project Graph Received
[NX v20.8.4 Daemon Server] - 2026-05-31T06:36:57.387Z - [REQUEST]: Responding to the client. project-graph
[NX v20.8.4 Daemon Server] - 2026-05-31T06:36:57.387Z - Time taken for 'total for creating and serializing project graph' 0.12716599999976097ms
[NX v20.8.4 Daemon Server] - 2026-05-31T06:36:57.389Z - Done responding to the client project-graph
[NX v20.8.4 Daemon Server] - 2026-05-31T06:36:57.389Z - Handled REQUEST_PROJECT_GRAPH. Handling time: 0. Response time: 2.
[NX v20.8.4 Daemon Server] - 2026-05-31T06:36:57.569Z - [REQUEST]: Client Request for Project Graph Received
[NX v20.8.4 Daemon Server] - 2026-05-31T06:36:57.569Z - [REQUEST]: Responding to the client. project-graph
[NX v20.8.4 Daemon Server] - 2026-05-31T06:36:57.569Z - Time taken for 'total for creating and serializing project graph' 0.18000000000029104ms
[NX v20.8.4 Daemon Server] - 2026-05-31T06:36:57.570Z - Done responding to the client project-graph
[NX v20.8.4 Daemon Server] - 2026-05-31T06:36:57.570Z - Handled REQUEST_PROJECT_GRAPH. Handling time: 0. Response time: 1.
[NX v20.8.4 Daemon Server] - 2026-05-31T06:37:08.154Z - Closed a connection. Number of open connections: 4
[NX v20.8.4 Daemon Server] - 2026-05-31T06:37:08.159Z - [REQUEST]: Responding to the client. recordOutputsHash
[NX v20.8.4 Daemon Server] - 2026-05-31T06:37:08.160Z - Done responding to the client recordOutputsHash
[NX v20.8.4 Daemon Server] - 2026-05-31T06:37:08.160Z - Handled RECORD_OUTPUTS_HASH. Handling time: 4. Response time: 1.
[NX v20.8.4 Daemon Server] - 2026-05-31T06:37:08.162Z - [REQUEST]: Responding to the client. handleRecordTaskRuns
[NX v20.8.4 Daemon Server] - 2026-05-31T06:37:08.162Z - Done responding to the client handleRecordTaskRuns
[NX v20.8.4 Daemon Server] - 2026-05-31T06:37:08.162Z - Handled RECORD_TASK_RUNS. Handling time: 0. Response time: 0.
[NX v20.8.4 Daemon Server] - 2026-05-31T06:37:08.163Z - [REQUEST]: Responding to the client. handleGetFlakyTasks
[NX v20.8.4 Daemon Server] - 2026-05-31T06:37:08.163Z - Done responding to the client handleGetFlakyTasks
[NX v20.8.4 Daemon Server] - 2026-05-31T06:37:08.163Z - Handled GET_FLAKY_TASKS. Handling time: 0. Response time: 0.
[NX v20.8.4 Daemon Server] - 2026-05-31T06:37:08.166Z - [REQUEST]: Responding to the client. handleRunPostTasksExecution
[NX v20.8.4 Daemon Server] - 2026-05-31T06:37:08.166Z - Done responding to the client handleRunPostTasksExecution
[NX v20.8.4 Daemon Server] - 2026-05-31T06:37:08.166Z - Handled POST_TASKS_EXECUTION. Handling time: 1. Response time: 0.
[NX v20.8.4 Daemon Server] - 2026-05-31T06:37:08.166Z - Time taken for 'postTasksExecution' 0.10829200000080164ms
[NX v20.8.4 Daemon Server] - 2026-05-31T06:37:08.170Z - Closed a connection. Number of open connections: 3
[NX v20.8.4 Daemon Server] - 2026-05-31T06:37:37.755Z - [WATCHER]: apps/storefront-web/src/views/login/ui/LoginView.tsx was modified
[NX v20.8.4 Daemon Server] - 2026-05-31T06:37:37.756Z - [WATCHER]: Processing file changes in outputs
[NX v20.8.4 Daemon Server] - 2026-05-31T06:37:37.857Z - [REQUEST]: Updated workspace context based on watched changes, recomputing project graph...
[NX v20.8.4 Daemon Server] - 2026-05-31T06:37:37.857Z - [REQUEST]: apps/storefront-web/src/views/login/ui/LoginView.tsx
[NX v20.8.4 Daemon Server] - 2026-05-31T06:37:37.857Z - [REQUEST]: 
[NX v20.8.4 Daemon Server] - 2026-05-31T06:37:37.863Z - [REQUEST]: Responding to the client. handleHashMultiGlob
[NX v20.8.4 Daemon Server] - 2026-05-31T06:37:37.864Z - Done responding to the client handleHashMultiGlob
[NX v20.8.4 Daemon Server] - 2026-05-31T06:37:37.864Z - Handled HASH_GLOB. Handling time: 0. Response time: 1.
[NX v20.8.4 Daemon Server] - 2026-05-31T06:37:37.869Z - [REQUEST]: Responding to the client. handleHashGlob
[NX v20.8.4 Daemon Server] - 2026-05-31T06:37:37.869Z - Done responding to the client handleHashGlob
[NX v20.8.4 Daemon Server] - 2026-05-31T06:37:37.869Z - Handled HASH_GLOB. Handling time: 5. Response time: 0.
[NX v20.8.4 Daemon Server] - 2026-05-31T06:37:37.869Z - Time taken for 'hash changed files from watcher' 0.1587920000019949ms
[NX v20.8.4 Daemon Server] - 2026-05-31T06:37:37.897Z - [REQUEST]: Responding to the client. handleGlob
[NX v20.8.4 Daemon Server] - 2026-05-31T06:37:37.899Z - Done responding to the client handleGlob
[NX v20.8.4 Daemon Server] - 2026-05-31T06:37:37.899Z - Handled GLOB. Handling time: 4. Response time: 2.
[NX v20.8.4 Daemon Server] - 2026-05-31T06:37:37.910Z - [REQUEST]: Responding to the client. handleHashMultiGlob
[NX v20.8.4 Daemon Server] - 2026-05-31T06:37:37.910Z - Done responding to the client handleHashMultiGlob
[NX v20.8.4 Daemon Server] - 2026-05-31T06:37:37.910Z - Handled HASH_GLOB. Handling time: 7. Response time: 0.
[NX v20.8.4 Daemon Server] - 2026-05-31T06:37:38.003Z - Time taken for 'build-project-configs' 131.85916700000234ms
[NX v20.8.4 Daemon Server] - 2026-05-31T06:37:38.030Z - [SYNC]: collect registered sync generators
[NX v20.8.4 Daemon Server] - 2026-05-31T06:37:38.030Z - [SYNC]: project graph hash is the same, not collecting task sync generators
[NX v20.8.4 Daemon Server] - 2026-05-31T06:37:38.030Z - [SYNC]: nx.json hash is the same, not collecting global sync generators
[NX v20.8.4 Daemon Server] - 2026-05-31T06:37:38.030Z - Time taken for 'total execution time for createProjectGraph()' 32.85399999999936ms
[NX v20.8.4 Daemon Server] - 2026-05-31T06:37:50.010Z - [WATCHER]: apps/storefront-web/src/app/(authen)/sign-up/page.tsx was modified
[NX v20.8.4 Daemon Server] - 2026-05-31T06:37:50.010Z - [WATCHER]: Processing file changes in outputs
[NX v20.8.4 Daemon Server] - 2026-05-31T06:37:50.211Z - [REQUEST]: Updated workspace context based on watched changes, recomputing project graph...
[NX v20.8.4 Daemon Server] - 2026-05-31T06:37:50.211Z - [REQUEST]: apps/storefront-web/src/app/(authen)/sign-up/page.tsx
[NX v20.8.4 Daemon Server] - 2026-05-31T06:37:50.211Z - [REQUEST]: 
[NX v20.8.4 Daemon Server] - 2026-05-31T06:37:50.216Z - [REQUEST]: Responding to the client. handleHashGlob
[NX v20.8.4 Daemon Server] - 2026-05-31T06:37:50.216Z - Done responding to the client handleHashGlob
[NX v20.8.4 Daemon Server] - 2026-05-31T06:37:50.216Z - Handled HASH_GLOB. Handling time: 1. Response time: 0.
[NX v20.8.4 Daemon Server] - 2026-05-31T06:37:50.216Z - [REQUEST]: Responding to the client. handleHashMultiGlob
[NX v20.8.4 Daemon Server] - 2026-05-31T06:37:50.216Z - Done responding to the client handleHashMultiGlob
[NX v20.8.4 Daemon Server] - 2026-05-31T06:37:50.216Z - Handled HASH_GLOB. Handling time: 0. Response time: 0.
[NX v20.8.4 Daemon Server] - 2026-05-31T06:37:50.216Z - Time taken for 'hash changed files from watcher' 0.15079200000036508ms
[NX v20.8.4 Daemon Server] - 2026-05-31T06:37:50.217Z - [REQUEST]: Responding to the client. handleGlob
[NX v20.8.4 Daemon Server] - 2026-05-31T06:37:50.217Z - Done responding to the client handleGlob
[NX v20.8.4 Daemon Server] - 2026-05-31T06:37:50.217Z - Handled GLOB. Handling time: 1. Response time: 0.
[NX v20.8.4 Daemon Server] - 2026-05-31T06:37:50.220Z - [REQUEST]: Responding to the client. handleHashMultiGlob
[NX v20.8.4 Daemon Server] - 2026-05-31T06:37:50.220Z - Done responding to the client handleHashMultiGlob
[NX v20.8.4 Daemon Server] - 2026-05-31T06:37:50.220Z - Handled HASH_GLOB. Handling time: 2. Response time: 0.
[NX v20.8.4 Daemon Server] - 2026-05-31T06:37:50.260Z - Time taken for 'build-project-configs' 45.20587499999965ms
[NX v20.8.4 Daemon Server] - 2026-05-31T06:37:50.277Z - [SYNC]: collect registered sync generators
[NX v20.8.4 Daemon Server] - 2026-05-31T06:37:50.277Z - [SYNC]: project graph hash is the same, not collecting task sync generators
[NX v20.8.4 Daemon Server] - 2026-05-31T06:37:50.277Z - [SYNC]: nx.json hash is the same, not collecting global sync generators
[NX v20.8.4 Daemon Server] - 2026-05-31T06:37:50.277Z - Time taken for 'total execution time for createProjectGraph()' 15.018541999997979ms
[NX v20.8.4 Daemon Server] - 2026-05-31T06:37:57.708Z - Established a connection. Number of open connections: 4
[NX v20.8.4 Daemon Server] - 2026-05-31T06:37:57.708Z - Closed a connection. Number of open connections: 3
[NX v20.8.4 Daemon Server] - 2026-05-31T06:37:57.708Z - Established a connection. Number of open connections: 4
[NX v20.8.4 Daemon Server] - 2026-05-31T06:37:57.709Z - [REQUEST]: Client Request for Project Graph Received
[NX v20.8.4 Daemon Server] - 2026-05-31T06:37:57.710Z - [REQUEST]: Responding to the client. project-graph
[NX v20.8.4 Daemon Server] - 2026-05-31T06:37:57.710Z - Time taken for 'total for creating and serializing project graph' 0.17987499999435386ms
[NX v20.8.4 Daemon Server] - 2026-05-31T06:37:57.717Z - Done responding to the client project-graph
[NX v20.8.4 Daemon Server] - 2026-05-31T06:37:57.717Z - Handled REQUEST_PROJECT_GRAPH. Handling time: 1. Response time: 7.
[NX v20.8.4 Daemon Server] - 2026-05-31T06:37:57.722Z - [REQUEST]: Responding to the client. handleRunPreTasksExecution
[NX v20.8.4 Daemon Server] - 2026-05-31T06:37:57.722Z - Done responding to the client handleRunPreTasksExecution
[NX v20.8.4 Daemon Server] - 2026-05-31T06:37:57.722Z - Handled PRE_TASKS_EXECUTION. Handling time: 0. Response time: 0.
[NX v20.8.4 Daemon Server] - 2026-05-31T06:37:57.722Z - Time taken for 'preTasksExecution' 0.0801659999997355ms
[NX v20.8.4 Daemon Server] - 2026-05-31T06:37:57.759Z - [REQUEST]: Responding to the client. handleHashTasks
[NX v20.8.4 Daemon Server] - 2026-05-31T06:37:57.759Z - Done responding to the client handleHashTasks
[NX v20.8.4 Daemon Server] - 2026-05-31T06:37:57.759Z - Handled HASH_TASKS. Handling time: 11. Response time: 0.
[NX v20.8.4 Daemon Server] - 2026-05-31T06:37:57.799Z - [REQUEST]: Responding to the client. handleGetEstimatedTaskTimings
[NX v20.8.4 Daemon Server] - 2026-05-31T06:37:57.799Z - Done responding to the client handleGetEstimatedTaskTimings
[NX v20.8.4 Daemon Server] - 2026-05-31T06:37:57.799Z - Handled GET_ESTIMATED_TASK_TIMINGS. Handling time: 1. Response time: 0.
[NX v20.8.4 Daemon Server] - 2026-05-31T06:37:58.448Z - Established a connection. Number of open connections: 5
[NX v20.8.4 Daemon Server] - 2026-05-31T06:37:58.449Z - Closed a connection. Number of open connections: 4
[NX v20.8.4 Daemon Server] - 2026-05-31T06:37:58.449Z - Established a connection. Number of open connections: 5
[NX v20.8.4 Daemon Server] - 2026-05-31T06:37:58.450Z - [REQUEST]: Client Request for Project Graph Received
[NX v20.8.4 Daemon Server] - 2026-05-31T06:37:58.450Z - [REQUEST]: Responding to the client. project-graph
[NX v20.8.4 Daemon Server] - 2026-05-31T06:37:58.450Z - Time taken for 'total for creating and serializing project graph' 0.12654099999781465ms
[NX v20.8.4 Daemon Server] - 2026-05-31T06:37:58.451Z - Done responding to the client project-graph
[NX v20.8.4 Daemon Server] - 2026-05-31T06:37:58.451Z - Handled REQUEST_PROJECT_GRAPH. Handling time: 0. Response time: 1.
[NX v20.8.4 Daemon Server] - 2026-05-31T06:37:58.633Z - [REQUEST]: Client Request for Project Graph Received
[NX v20.8.4 Daemon Server] - 2026-05-31T06:37:58.634Z - [REQUEST]: Responding to the client. project-graph
[NX v20.8.4 Daemon Server] - 2026-05-31T06:37:58.634Z - Time taken for 'total for creating and serializing project graph' 0.16420800000196323ms
[NX v20.8.4 Daemon Server] - 2026-05-31T06:37:58.635Z - Done responding to the client project-graph
[NX v20.8.4 Daemon Server] - 2026-05-31T06:37:58.635Z - Handled REQUEST_PROJECT_GRAPH. Handling time: 1. Response time: 1.
[NX v20.8.4 Daemon Server] - 2026-05-31T06:38:08.213Z - Closed a connection. Number of open connections: 4
[NX v20.8.4 Daemon Server] - 2026-05-31T06:38:08.218Z - [REQUEST]: Responding to the client. recordOutputsHash
[NX v20.8.4 Daemon Server] - 2026-05-31T06:38:08.218Z - Done responding to the client recordOutputsHash
[NX v20.8.4 Daemon Server] - 2026-05-31T06:38:08.218Z - Handled RECORD_OUTPUTS_HASH. Handling time: 4. Response time: 0.
[NX v20.8.4 Daemon Server] - 2026-05-31T06:38:08.220Z - [REQUEST]: Responding to the client. handleRecordTaskRuns
[NX v20.8.4 Daemon Server] - 2026-05-31T06:38:08.220Z - Done responding to the client handleRecordTaskRuns
[NX v20.8.4 Daemon Server] - 2026-05-31T06:38:08.220Z - Handled RECORD_TASK_RUNS. Handling time: 1. Response time: 0.
[NX v20.8.4 Daemon Server] - 2026-05-31T06:38:08.220Z - [REQUEST]: Responding to the client. handleGetFlakyTasks
[NX v20.8.4 Daemon Server] - 2026-05-31T06:38:08.220Z - Done responding to the client handleGetFlakyTasks
[NX v20.8.4 Daemon Server] - 2026-05-31T06:38:08.220Z - Handled GET_FLAKY_TASKS. Handling time: 0. Response time: 0.
[NX v20.8.4 Daemon Server] - 2026-05-31T06:38:08.222Z - [REQUEST]: Responding to the client. handleRunPostTasksExecution
[NX v20.8.4 Daemon Server] - 2026-05-31T06:38:08.222Z - Done responding to the client handleRunPostTasksExecution
[NX v20.8.4 Daemon Server] - 2026-05-31T06:38:08.222Z - Handled POST_TASKS_EXECUTION. Handling time: 0. Response time: 0.
[NX v20.8.4 Daemon Server] - 2026-05-31T06:38:08.222Z - Time taken for 'postTasksExecution' 0.060916000002180226ms
[NX v20.8.4 Daemon Server] - 2026-05-31T06:38:08.225Z - Closed a connection. Number of open connections: 3
